This is pdfTeX, Version 3.14159265-2.6-1.40.18 (TeX Live 2017/Debian) (preloaded format=prv_hw12 2019.4.22)  22 APR 2019 14:00
entering extended mode
 restricted \write18 enabled.
 %&-line parsing enabled.
**&prv_hw12 _region_.tex
(./_region_.tex
LaTeX2e <2017-04-15>
Babel <3.18> and hyphenation patterns for 62 language(s) loaded.
CUSTOMISED FORMAT. Preloaded files:
        .
 article.cls    2014/09/29 v1.4h Standard LaTeX document class
  size10.clo    2014/09/29 v1.4h Standard LaTeX file (size option)
  amsthm.sty    2017/10/31 v2.20.4
amsfonts.sty    2013/01/14 v3.01 Basic AMSFonts support
 amssymb.sty    2013/01/14 v3.01 AMS font symbols
 amsmath.sty    2017/09/02 v2.17a AMS math features
 amstext.sty    2000/06/29 v2.01 AMS text
  amsgen.sty    1999/11/30 v2.0 generic functions
  amsbsy.sty    1999/11/29 v1.2d Bold Symbols
  amsopn.sty    2016/03/08 v2.02 operator names
listings.sty    2015/06/04 1.6 (Carsten Heinz)
  keyval.sty    2014/10/28 v1.15 key=value parser (DPC)
 lstmisc.sty    2015/06/04 1.6 (Carsten Heinz)
listings.cfg    2015/06/04 1.6 listings configuration
mathtools.sty    2018/01/08 v1.21 mathematical typesetting tools
    calc.sty    2014/10/28 v4.3 Infix arithmetic (KKT,FJ)
 mhsetup.sty    2017/03/31 v1.3 programming setup (MH)
 nccmath.sty    2005/02/21 v1.2 Additional Math Commands (NCC)
    umsa.fd    2013/01/14 v3.01 AMS symbols A
    umsb.fd    2013/01/14 v3.01 AMS symbols B
        .
No file _region_.aux.
LaTeX Font Info:    Checking defaults for OML/cmm/m/it on input line 38.
LaTeX Font Info:    ... okay on input line 38.
LaTeX Font Info:    Checking defaults for T1/cmr/m/n on input line 38.
LaTeX Font Info:    ... okay on input line 38.
LaTeX Font Info:    Checking defaults for OT1/cmr/m/n on input line 38.
LaTeX Font Info:    ... okay on input line 38.
LaTeX Font Info:    Checking defaults for OMS/cmsy/m/n on input line 38.
LaTeX Font Info:    ... okay on input line 38.
LaTeX Font Info:    Checking defaults for OMX/cmex/m/n on input line 38.
LaTeX Font Info:    ... okay on input line 38.
LaTeX Font Info:    Checking defaults for U/cmr/m/n on input line 38.
LaTeX Font Info:    ... okay on input line 38.
(/usr/share/texmf/tex/latex/preview/preview.sty
Package: preview 2017/04/24 11.91 (AUCTeX/preview-latex)
 (/usr/share/texlive/texmf-dist/tex/generic/luatex85/luatex85.sty
Package: luatex85 2016/06/15 v1.4 pdftex aliases for luatex
) (/usr/share/texmf/tex/latex/preview/prtightpage.def
\PreviewBorder=\dimen126
) (/usr/share/texmf/tex/latex/preview/prauctex.def
No auxiliary output files.


\hbadness=\count111
\hfuzz=\dimen127
(/usr/share/texmf/tex/latex/preview/prauctex.cfg)) (/usr/share/texmf/tex/latex/preview/prfootnotes.def)
\pr@snippet=\count112
\pr@box=\box30
\pr@output=\toks28

Preview: Fontsize 10pt
Preview: PDFoutput 1
)
\c@lstlisting=\count113
 (/usr/share/texlive/texmf-dist/tex/latex/graphics/graphicx.sty
Package: graphicx 2017/06/01 v1.1a Enhanced LaTeX Graphics (DPC,SPQR)
 (/usr/share/texlive/texmf-dist/tex/latex/graphics/graphics.sty
Package: graphics 2017/06/25 v1.2c Standard LaTeX Graphics (DPC,SPQR)
 (/usr/share/texlive/texmf-dist/tex/latex/graphics/trig.sty
Package: trig 2016/01/03 v1.10 sin cos tan (DPC)
) (/usr/share/texlive/texmf-dist/tex/latex/graphics-cfg/graphics.cfg
File: graphics.cfg 2016/06/04 v1.11 sample graphics configuration
)
Package graphics Info: Driver file: pdftex.def on input line 99.
 (/usr/share/texlive/texmf-dist/tex/latex/graphics-def/pdftex.def
File: pdftex.def 2018/01/08 v1.0l Graphics/color driver for pdftex
 (/usr/share/texlive/texmf-dist/tex/context/base/mkii/supp-pdf.mkii
[Loading MPS to PDF converter (version 2006.09.02).]
\scratchcounter=\count114
\scratchdimen=\dimen128
\scratchbox=\box31
\nofMPsegments=\count115
\nofMParguments=\count116
\everyMPshowfont=\toks29
\MPscratchCnt=\count117
\MPscratchDim=\dimen129
\MPnumerator=\count118
\makeMPintoPDFobject=\count119
\everyMPtoPDFconversion=\toks30
))) (/usr/share/texlive/texmf-dist/tex/latex/oberdiek/epstopdf-base.sty
Package: epstopdf-base 2016/05/15 v2.6 Base part for package epstopdf
 (/usr/share/texlive/texmf-dist/tex/generic/oberdiek/infwarerr.sty
Package: infwarerr 2016/05/16 v1.4 Providing info/warning/error messages (HO)
) (/usr/share/texlive/texmf-dist/tex/latex/oberdiek/grfext.sty
Package: grfext 2016/05/16 v1.2 Manage graphics extensions (HO)
 (/usr/share/texlive/texmf-dist/tex/generic/oberdiek/kvdefinekeys.sty
Package: kvdefinekeys 2016/05/16 v1.4 Define keys (HO)
 (/usr/share/texlive/texmf-dist/tex/generic/oberdiek/ltxcmds.sty
Package: ltxcmds 2016/05/16 v1.23 LaTeX kernel commands for general use (HO)
))) (/usr/share/texlive/texmf-dist/tex/latex/oberdiek/kvoptions.sty
Package: kvoptions 2016/05/16 v3.12 Key value format for package options (HO)
 (/usr/share/texlive/texmf-dist/tex/generic/oberdiek/kvsetkeys.sty
Package: kvsetkeys 2016/05/16 v1.17 Key value parser (HO)
 (/usr/share/texlive/texmf-dist/tex/generic/oberdiek/etexcmds.sty
Package: etexcmds 2016/05/16 v1.6 Avoid name clashes with e-TeX commands (HO)
 (/usr/share/texlive/texmf-dist/tex/generic/oberdiek/ifluatex.sty
Package: ifluatex 2016/05/16 v1.4 Provides the ifluatex switch (HO)
Package ifluatex Info: LuaTeX not detected.
)
Package etexcmds Info: Could not find \expanded.
(etexcmds)             That can mean that you are not using pdfTeX 1.50 or
(etexcmds)             that some package has redefined \expanded.
(etexcmds)             In the latter case, load this package earlier.
))) (/usr/share/texlive/texmf-dist/tex/generic/oberdiek/pdftexcmds.sty
Package: pdftexcmds 2018/01/21 v0.26 Utility functions of pdfTeX for LuaTeX (HO)
 (/usr/share/texlive/texmf-dist/tex/generic/oberdiek/ifpdf.sty
Package: ifpdf 2017/03/15 v3.2 Provides the ifpdf switch
)
Package pdftexcmds Info: LuaTeX not detected.
Package pdftexcmds Info: \pdf@primitive is available.
Package pdftexcmds Info: \pdf@ifprimitive is available.
Package pdftexcmds Info: \pdfdraftmode found.
)
Package epstopdf-base Info: Redefining graphics rule for `.eps' on input line 438.
Package grfext Info: Graphics extension search list:
(grfext)             [.pdf,.png,.jpg,.mps,.jpeg,.jbig2,.jb2,.PDF,.PNG,.JPG,.JPEG,.JBIG2,.JB2,.eps]
(grfext)             \AppendGraphicsExtensions on input line 456.
 (/usr/share/texlive/texmf-dist/tex/latex/latexconfig/epstopdf-sys.cfg
File: epstopdf-sys.cfg 2010/07/13 v1.3 Configuration of (r)epstopdf for TeX Live
))
\Gin@req@height=\dimen130
\Gin@req@width=\dimen131
)  !name(hw12.tex) !offset(-3) 
Missing character: There is no â in font cmr10!
Missing character: There is no € in font cmr10!
Missing character: There is no ™ in font cmr10!

! Preview: Snippet 1 started.
<-><->
      
l.54 $
      H_0 : p \leq 0.4$
Not a real error.

Preview: Tightpage -32891 -32891 32891 32891
! Preview: Snippet 1 ended.(447828+127431x3425837).
<-><->
      
l.54 $H_0 : p \leq 0.4$
                       
Not a real error.

[1{/var/lib/texmf/fonts/map/pdftex/updmap/pdftex.map}]
! Preview: Snippet 2 started.
<-><->
      
l.56 $
      H_a : p > 0.4$ \\
Not a real error.

! Preview: Snippet 2 ended.(447828+127431x3448874).
<-><->
      
l.56 $H_a : p > 0.4$
                     \\
Not a real error.

[2]

! LaTeX Error: There's no line here to end.

See the LaTeX manual or LaTeX Companion for explanation.
Type  H <return>  for immediate help.
 ...                                              
                                                  
l.57 
     
Your command was ignored.
Type  I <command> <return>  to replace it with another command,
or  <return>  to continue without it.

! Preview: Snippet 3 started.
<-><->
      
l.58 $
      n = 20$
Not a real error.

! Preview: Snippet 3 ended.(422343+0x1922538).
<-><->
      
l.58 $n = 20$
             
Not a real error.

[3]
! Preview: Snippet 4 started.
<-><->
      
l.60 $
      x = 9$
Not a real error.

! Preview: Snippet 4 ended.(422343+0x1576043).
<-><->
      
l.60 $x = 9$
            
Not a real error.

[4]
! Preview: Snippet 5 started.
<-><->
      
l.62 $
      \alpha = 0.05$
Not a real error.

! Preview: Snippet 5 ended.(422343+0x2460555).
<-><->
      
l.62 $\alpha = 0.05$
                    
Not a real error.

[5]
! Preview: Snippet 6 started.
<-><->
      
l.64 $
      E(X) = np = 8$ \\
Not a real error.

! Preview: Snippet 6 ended.(491520+163840x4424047).
<-><->
      
l.64 $E(X) = np = 8$
                     \\
Not a real error.

[6]

! LaTeX Error: There's no line here to end.

See the LaTeX manual or LaTeX Companion for explanation.
Type  H <return>  for immediate help.
 ...                                              
                                                  
l.65 
     
Your command was ignored.
Type  I <command> <return>  to replace it with another command,
or  <return>  to continue without it.

! Preview: Snippet 7 started.
<-><->
      
l.66 $
      P(X > 8 | p = 0.4) = \sum^{20}_{x=9} choose(20,x)*.4^x*.6^{20-x} = 0.4...
Not a real error.

! Preview: Snippet 7 ended.(625146+196611x20030937).
<-><->
      
l.66 ...oose(20,x)*.4^x*.6^{20-x} = 0.4044 > 0.05$
                                                   \\
Not a real error.

[7]

! LaTeX Error: There's no line here to end.

See the LaTeX manual or LaTeX Companion for explanation.
Type  H <return>  for immediate help.
 ...                                              
                                                  
l.67 
     
Your command was ignored.
Type  I <command> <return>  to replace it with another command,
or  <return>  to continue without it.

! Preview: Snippet 8 started.
<-><->
      
l.73 $
      H_0 : p \leq 0.25 $
Not a real error.

! Preview: Snippet 8 ended.(447828+127431x3753518).
<-><->
      
l.73 $H_0 : p \leq 0.25 $
                         
Not a real error.

[8]
! Preview: Snippet 9 started.
<-><->
      
l.75 $
      H_a : p > 0.25 $ \\
Not a real error.

! Preview: Snippet 9 ended.(447828+127431x3776555).
<-><->
      
l.75 $H_a : p > 0.25 $
                       \\
Not a real error.

[9]

! LaTeX Error: There's no line here to end.

See the LaTeX manual or LaTeX Companion for explanation.
Type  H <return>  for immediate help.
 ...                                              
                                                  
l.76 
     
Your command was ignored.
Type  I <command> <return>  to replace it with another command,
or  <return>  to continue without it.

! Preview: Snippet 10 started.
<-><->
      
l.77 $
      \alpha = 0.05$
Not a real error.

! Preview: Snippet 10 ended.(422343+0x2460555).
<-><->
      
l.77 $\alpha = 0.05$
                    
Not a real error.

[10]
! Preview: Snippet 11 started.
<-><->
      
l.79 $
      p = 0.25$
Not a real error.

! Preview: Snippet 11 ended.(422343+127431x2368622).
<-><->
      
l.79 $p = 0.25$
               
Not a real error.

[11]
! Preview: Snippet 12 started.
<-><->
      
l.81 $
      x = 28$
Not a real error.

! Preview: Snippet 12 ended.(422343+0x1903724).
<-><->
      
l.81 $x = 28$
             
Not a real error.

[12]
! Preview: Snippet 13 started.
<-><->
      
l.83 $
      n = 90$
Not a real error.

! Preview: Snippet 13 ended.(422343+0x1922538).
<-><->
      
l.83 $n = 90$
             
Not a real error.

[13]
! Preview: Snippet 14 started.
<-><->
      
l.85 $
      \hat{p} = x/n = 0.3111$
Not a real error.

! Preview: Snippet 14 ended.(491520+163840x4993397).
<-><->
      
l.85 $\hat{p} = x/n = 0.3111$
                             
Not a real error.

[14]
! Preview: Snippet 15 started.
<-><->
      
l.87 $
      Z = (\hat{p} - p)/(p(1-p)/n)^{1/2} = 1.3387$
Not a real error.

! Preview: Snippet 15 ended.(581889+163840x10712550).
<-><->
      
l.87 $Z = (\hat{p} - p)/(p(1-p)/n)^{1/2} = 1.3387$
                                                  
Not a real error.

[15]
! Preview: Snippet 16 started.
<-><->
      
l.89 $
      P(Z > 1.3387) = 0.0901 > 0.05$ \\
Not a real error.

! Preview: Snippet 16 ended.(491520+163840x8943156).
<-><->
      
l.89 $P(Z > 1.3387) = 0.0901 > 0.05$
                                     \\
Not a real error.

[16]

! LaTeX Error: There's no line here to end.

See the LaTeX manual or LaTeX Companion for explanation.
Type  H <return>  for immediate help.
 ...                                              
                                                  
l.90 
     
Your command was ignored.
Type  I <command> <return>  to replace it with another command,
or  <return>  to continue without it.

! Preview: Snippet 17 started.
<-><->
      
l.95 $
      H_0 : p_1 = p_2$
Not a real error.

! Preview: Snippet 17 ended.(447828+127431x3506164).
<-><->
      
l.95 $H_0 : p_1 = p_2$
                      
Not a real error.

[17]
! Preview: Snippet 18 started.
<-><->
      
l.97 $
      H_a : p_1 \neq p_2$ \\
Not a real error.

! Preview: Snippet 18 ended.(455111+127431x3529201).
<-><->
      
l.97 $H_a : p_1 \neq p_2$
                          \\
Not a real error.

[18]

! LaTeX Error: There's no line here to end.

See the LaTeX manual or LaTeX Companion for explanation.
Type  H <return>  for immediate help.
 ...                                              
                                                  
l.98 
     
Your command was ignored.
Type  I <command> <return>  to replace it with another command,
or  <return>  to continue without it.

! Preview: Snippet 19 started.
<-><->
      
l.99 $
      \hat{p_1} = x_1/n_1 = 63/100 = 0.63$
Not a real error.

! Preview: Snippet 19 ended.(491520+163840x8059936).
<-><->
      
l.99 $\hat{p_1} = x_1/n_1 = 63/100 = 0.63$
                                          
Not a real error.

[19]
! Preview: Snippet 20 started.
<-><->
      
l.101 $
       \hat{p_2} = x_2/n_2 = 59/125 = 0.472$
Not a real error.

! Preview: Snippet 20 ended.(491520+163840x8387617).
<-><->
      
l.101 $\hat{p_2} = x_2/n_2 = 59/125 = 0.472$
                                            
Not a real error.

[20]
! Preview: Snippet 21 started.
<-><->
      
l.103 $
       \hat{p} = (x_1 + x_2)/(n_1 + n_2) = $$0.542$
Not a real error.

! Preview: Snippet 21 ended.(491520+163840x7556277).
<-><->
      
l.103 $\hat{p} = (x_1 + x_2)/(n_1 + n_2) = $
                                            $0.542$
Not a real error.

[21]
! Preview: Snippet 22 started.
<-><->
      
l.103 $\hat{p} = (x_1 + x_2)/(n_1 + n_2) = $$
                                             0.542$
Not a real error.

! Preview: Snippet 22 ended.(422343+0x1492769).
<-><->
      
l.103 ...t{p} = (x_1 + x_2)/(n_1 + n_2) = $$0.542$
                                                  
Not a real error.

[22]
! Preview: Snippet 23 started.
<-><->
      
l.105 $
       z = (\hat{p_1} - \hat{p_2})/(\hat{p}(1 - \hat{p})(1/n_1 + 1/n_2))^{1/...
Not a real error.

! Preview: Snippet 23 ended.(581889+163840x11720782).
<-><->
      
l.105 ...at{p}(1 - \hat{p})(1/n_1 + 1/n_2))^{1/2}$
                                                  $=2.393$ \\
Not a real error.

[23]
! Preview: Snippet 24 started.
<-><->
      
l.105 ...t{p}(1 - \hat{p})(1/n_1 + 1/n_2))^{1/2}$$
                                                  =2.393$ \\
Not a real error.

! Preview: Snippet 24 ended.(422343+0x2184535).
<-><->
      
l.105 ...- \hat{p})(1/n_1 + 1/n_2))^{1/2}$$=2.393$
                                                   \\
Not a real error.

[24]

! LaTeX Error: There's no line here to end.

See the LaTeX manual or LaTeX Companion for explanation.
Type  H <return>  for immediate help.
 ...                                              
                                                  
l.106 
      
Your command was ignored.
Type  I <command> <return>  to replace it with another command,
or  <return>  to continue without it.

! Preview: Snippet 25 started.
<-><->
      
l.107 $
       2P(Z < -2.393) = 0.0168 < 0.05$  \\
Not a real error.

! Preview: Snippet 25 ended.(491520+163840x9452882).
<-><->
      
l.107 $2P(Z < -2.393) = 0.0168 < 0.05$
                                        \\
Not a real error.

[25]

! LaTeX Error: There's no line here to end.

See the LaTeX manual or LaTeX Companion for explanation.
Type  H <return>  for immediate help.
 ...                                              
                                                  
l.108 
      
Your command was ignored.
Type  I <command> <return>  to replace it with another command,
or  <return>  to continue without it.

Missing character: There is no â in font cmr10!
Missing character: There is no € in font cmr10!
Missing character: There is no ™ in font cmr10!
! Preview: Snippet 26 started.
<-><->
      
l.114 $
       H_0 : p_1 = p_2$
Not a real error.

! Preview: Snippet 26 ended.(447828+127431x3506164).
<-><->
      
l.114 $H_0 : p_1 = p_2$
                       
Not a real error.

[26]
! Preview: Snippet 27 started.
<-><->
      
l.116 $
       H_1 : p_1 > p_2$ \\
Not a real error.

! Preview: Snippet 27 ended.(447828+127431x3506164).
<-><->
      
l.116 $H_1 : p_1 > p_2$
                        \\
Not a real error.

[27]

! LaTeX Error: There's no line here to end.

See the LaTeX manual or LaTeX Companion for explanation.
Type  H <return>  for immediate help.
 ...                                              
                                                  
l.117 
      
Your command was ignored.
Type  I <command> <return>  to replace it with another command,
or  <return>  to continue without it.

! Preview: Snippet 28 started.
<-><->
      
l.118 $
       \hat{p_1} = x_1/n_1 = 240/300 = 0.8$
Not a real error.

! Preview: Snippet 28 ended.(491520+163840x8059936).
<-><->
      
l.118 $\hat{p_1} = x_1/n_1 = 240/300 = 0.8$
                                           
Not a real error.

[28]
! Preview: Snippet 29 started.
<-><->
      
l.120 $
       \hat{p_2} = x_2/n_2 = 288/400 = 0.72$
Not a real error.

! Preview: Snippet 29 ended.(491520+163840x8387617).
<-><->
      
l.120 $\hat{p_2} = x_2/n_2 = 288/400 = 0.72$
                                            
Not a real error.

[29]
! Preview: Snippet 30 started.
<-><->
      
l.122 $
       \hat{p} = (x_1 + x_2)/(n_1 + n_2) = $$0.75$
Not a real error.

! Preview: Snippet 30 ended.(491520+163840x7556277).
<-><->
      
l.122 $\hat{p} = (x_1 + x_2)/(n_1 + n_2) = $
                                            $0.75$
Not a real error.

[30]
! Preview: Snippet 31 started.
<-><->
      
l.122 $\hat{p} = (x_1 + x_2)/(n_1 + n_2) = $$
                                             0.75$
Not a real error.

! Preview: Snippet 31 ended.(422343+0x1165088).
<-><->
      
l.122 $\hat{p} = (x_1 + x_2)/(n_1 + n_2) = $$0.75$
                                                  
Not a real error.

[31]
! Preview: Snippet 32 started.
<-><->
      
l.124 $
       z = (\hat{p_1} - \hat{p_2})/(\hat{p}(1 - \hat{p})(1/n_1 + 1/n_2))^{1/...
Not a real error.

! Preview: Snippet 32 ended.(581889+163840x11720782).
<-><->
      
l.124 ...at{p}(1 - \hat{p})(1/n_1 + 1/n_2))^{1/2}$
                                                  $=2.433$ \\
Not a real error.

[32]
! Preview: Snippet 33 started.
<-><->
      
l.124 ...t{p}(1 - \hat{p})(1/n_1 + 1/n_2))^{1/2}$$
                                                  =2.433$ \\
Not a real error.

! Preview: Snippet 33 ended.(422343+0x2184535).
<-><->
      
l.124 ...- \hat{p})(1/n_1 + 1/n_2))^{1/2}$$=2.433$
                                                   \\
Not a real error.

[33]

! LaTeX Error: There's no line here to end.

See the LaTeX manual or LaTeX Companion for explanation.
Type  H <return>  for immediate help.
 ...                                              
                                                  
l.125 
      
Your command was ignored.
Type  I <command> <return>  to replace it with another command,
or  <return>  to continue without it.

! Preview: Snippet 34 started.
<-><->
      
l.126 $
       2P(Z > 2.433) = 0.0075 < 0.05$  \\
Not a real error.

! Preview: Snippet 34 ended.(491520+163840x8943156).
<-><->
      
l.126 $2P(Z > 2.433) = 0.0075 < 0.05$
                                       \\
Not a real error.

[34]

! LaTeX Error: There's no line here to end.

See the LaTeX manual or LaTeX Companion for explanation.
Type  H <return>  for immediate help.
 ...                                              
                                                  
l.127 
      
Your command was ignored.
Type  I <command> <return>  to replace it with another command,
or  <return>  to continue without it.

 !name(hw12.tex) !offset(-5)  ) 
Here is how much of TeX's memory you used:
 1358 strings out of 490421
 20265 string characters out of 6102631
 126966 words of memory out of 5000000
 7755 multiletter control sequences out of 15000+600000
 7422 words of font info for 29 fonts, out of 8000000 for 9000
 891 hyphenation exceptions out of 8191
 55i,4n,30p,761b,114s stack positions out of 5000i,500n,10000p,200000b,80000s
</usr/share/texlive/texmf-dist/fonts/type1/public/amsfonts/cm/cmex10.pfb></usr/share/texlive/texmf-dist/fonts/type1/public/amsfonts/cm/cmmi10.pfb></usr/share/texlive/texmf-dist/fonts/type1/public/amsfonts/cm/cmmi7.pfb></usr/share/texlive/texmf-dist/fonts/type1/public/amsfonts/cm/cmr10.pfb></usr/share/texlive/texmf-dist/fonts/type1/public/amsfonts/cm/cmr7.pfb></usr/share/texlive/texmf-dist/fonts/type1/public/amsfonts/cm/cmsy10.pfb></usr/share/texlive/texmf-dist/fonts/type1/public/amsfonts/cm/cmsy7.pfb>
Output written on _region_.pdf (34 pages, 70421 bytes).
PDF statistics:
 141 PDF objects out of 1000 (max. 8388607)
 97 compressed objects within 1 object stream
 0 named destinations out of 1000 (max. 500000)
 1 words of extra memory for PDF output out of 10000 (max. 10000000)

