#! /usr/bin/vvp
:ivl_version "10.1 (stable)";
:ivl_delay_selection "TYPICAL";
:vpi_time_precision + 0;
:vpi_module "system";
:vpi_module "vhdl_sys";
:vpi_module "v2005_math";
:vpi_module "va_math";
S_0x5618ccd2dba0 .scope module, "test_Full_Adder" "test_Full_Adder" 2 29;
 .timescale 0 0;
L_0x7f397efbc018 .functor BUFT 1, C4<00000000000000000000000000000000>, C4<0>, C4<0>, C4<0>;
v0x5618ccd53f10_0 .net/2s *"_s0", 31 0, L_0x7f397efbc018;  1 drivers
v0x5618ccd54010_0 .var "a", 3 0;
v0x5618ccd540d0_0 .var "b", 3 0;
v0x5618ccd541a0_0 .net "s", 4 0, L_0x5618ccd562a0;  1 drivers
L_0x5618ccd664f0 .part L_0x7f397efbc018, 0, 1;
S_0x5618ccd2c3e0 .scope module, "FA4" "Full_Adder4" 2 35, 2 16 0, S_0x5618ccd2dba0;
 .timescale 0 0;
    .port_info 0 /OUTPUT 5 "s"
    .port_info 1 /INPUT 4 "a"
    .port_info 2 /INPUT 4 "b"
    .port_info 3 /INPUT 1 "c_in"
v0x5618ccd53830_0 .net *"_s42", 0 0, L_0x5618ccd563b0;  1 drivers
o0x7f397f006008 .functor BUFZ 1, C4<z>; HiZ drive
; Elide local net with no drivers, v0x5618ccd53910_0 name=_s45
v0x5618ccd539f0_0 .net "a", 3 0, v0x5618ccd54010_0;  1 drivers
v0x5618ccd53ab0_0 .net "b", 3 0, v0x5618ccd540d0_0;  1 drivers
v0x5618ccd53b90_0 .net "c", 4 0, L_0x5618ccd66590;  1 drivers
v0x5618ccd53cc0_0 .net "c_in", 0 0, L_0x5618ccd664f0;  1 drivers
v0x5618ccd53db0_0 .net "s", 4 0, L_0x5618ccd562a0;  alias, 1 drivers
L_0x5618ccd54710 .part v0x5618ccd54010_0, 0, 1;
L_0x5618ccd54860 .part v0x5618ccd540d0_0, 0, 1;
L_0x5618ccd54e70 .part v0x5618ccd54010_0, 1, 1;
L_0x5618ccd54fa0 .part v0x5618ccd540d0_0, 1, 1;
L_0x5618ccd550d0 .part L_0x5618ccd66590, 1, 1;
L_0x5618ccd55580 .part v0x5618ccd54010_0, 2, 1;
L_0x5618ccd55780 .part v0x5618ccd540d0_0, 2, 1;
L_0x5618ccd55940 .part L_0x5618ccd66590, 2, 1;
L_0x5618ccd55eb0 .part v0x5618ccd54010_0, 3, 1;
L_0x5618ccd55fe0 .part v0x5618ccd540d0_0, 3, 1;
L_0x5618ccd56170 .part L_0x5618ccd66590, 3, 1;
LS_0x5618ccd562a0_0_0 .concat8 [ 1 1 1 1], L_0x5618ccd54460, L_0x5618ccd54b70, L_0x5618ccd552e0, L_0x5618ccd55c00;
LS_0x5618ccd562a0_0_4 .concat8 [ 1 0 0 0], L_0x5618ccd563b0;
L_0x5618ccd562a0 .concat8 [ 4 1 0 0], LS_0x5618ccd562a0_0_0, LS_0x5618ccd562a0_0_4;
L_0x5618ccd563b0 .part L_0x5618ccd66590, 4, 1;
LS_0x5618ccd66590_0_0 .concat [ 1 1 1 1], o0x7f397f006008, L_0x5618ccd54680, L_0x5618ccd54de0, L_0x5618ccd554f0;
LS_0x5618ccd66590_0_4 .concat [ 1 0 0 0], L_0x5618ccd55e20;
L_0x5618ccd66590 .concat [ 4 1 0 0], LS_0x5618ccd66590_0_0, LS_0x5618ccd66590_0_4;
S_0x5618ccd2a940 .scope module, "adder00" "Full_Adder" 2 20, 2 6 0, S_0x5618ccd2c3e0;
 .timescale 0 0;
    .port_info 0 /OUTPUT 1 "c_out"
    .port_info 1 /OUTPUT 1 "s"
    .port_info 2 /INPUT 1 "a"
    .port_info 3 /INPUT 1 "b"
    .port_info 4 /INPUT 1 "c_in"
L_0x5618ccd54680 .functor OR 1, L_0x5618ccd54380, L_0x5618ccd54560, C4<0>, C4<0>;
v0x5618ccd4f150_0 .net "a", 0 0, L_0x5618ccd54710;  1 drivers
v0x5618ccd4f210_0 .net "b", 0 0, L_0x5618ccd54860;  1 drivers
v0x5618ccd4f2e0_0 .net "c_ha1", 0 0, L_0x5618ccd54380;  1 drivers
v0x5618ccd4f3e0_0 .net "c_ha2", 0 0, L_0x5618ccd54560;  1 drivers
v0x5618ccd4f4b0_0 .net "c_in", 0 0, L_0x5618ccd664f0;  alias, 1 drivers
v0x5618ccd4f5a0_0 .net "c_out", 0 0, L_0x5618ccd54680;  1 drivers
v0x5618ccd4f640_0 .net "s", 0 0, L_0x5618ccd54460;  1 drivers
v0x5618ccd4f710_0 .net "s_ha1", 0 0, L_0x5618ccd54270;  1 drivers
S_0x5618ccd28060 .scope module, "ha01" "Half_Adder" 2 10, 2 1 0, S_0x5618ccd2a940;
 .timescale 0 0;
    .port_info 0 /OUTPUT 1 "c"
    .port_info 1 /OUTPUT 1 "s"
    .port_info 2 /INPUT 1 "a"
    .port_info 3 /INPUT 1 "b"
L_0x5618ccd54270 .functor XOR 1, L_0x5618ccd54710, L_0x5618ccd54860, C4<0>, C4<0>;
L_0x5618ccd54380 .functor AND 1, L_0x5618ccd54710, L_0x5618ccd54860, C4<1>, C4<1>;
v0x5618ccd28fe0_0 .net "a", 0 0, L_0x5618ccd54710;  alias, 1 drivers
v0x5618ccd2c2b0_0 .net "b", 0 0, L_0x5618ccd54860;  alias, 1 drivers
v0x5618ccd2a810_0 .net "c", 0 0, L_0x5618ccd54380;  alias, 1 drivers
v0x5618ccd28d20_0 .net "s", 0 0, L_0x5618ccd54270;  alias, 1 drivers
S_0x5618ccd4ecd0 .scope module, "ha02" "Half_Adder" 2 11, 2 1 0, S_0x5618ccd2a940;
 .timescale 0 0;
    .port_info 0 /OUTPUT 1 "c"
    .port_info 1 /OUTPUT 1 "s"
    .port_info 2 /INPUT 1 "a"
    .port_info 3 /INPUT 1 "b"
L_0x5618ccd54460 .functor XOR 1, L_0x5618ccd54270, L_0x5618ccd664f0, C4<0>, C4<0>;
L_0x5618ccd54560 .functor AND 1, L_0x5618ccd54270, L_0x5618ccd664f0, C4<1>, C4<1>;
v0x5618ccd275a0_0 .net "a", 0 0, L_0x5618ccd54270;  alias, 1 drivers
v0x5618ccd27890_0 .net "b", 0 0, L_0x5618ccd664f0;  alias, 1 drivers
v0x5618ccd4ef10_0 .net "c", 0 0, L_0x5618ccd54560;  alias, 1 drivers
v0x5618ccd4efe0_0 .net "s", 0 0, L_0x5618ccd54460;  alias, 1 drivers
S_0x5618ccd4f800 .scope module, "adder01" "Full_Adder" 2 21, 2 6 0, S_0x5618ccd2c3e0;
 .timescale 0 0;
    .port_info 0 /OUTPUT 1 "c_out"
    .port_info 1 /OUTPUT 1 "s"
    .port_info 2 /INPUT 1 "a"
    .port_info 3 /INPUT 1 "b"
    .port_info 4 /INPUT 1 "c_in"
L_0x5618ccd54de0 .functor OR 1, L_0x5618ccd54a90, L_0x5618ccd54d00, C4<0>, C4<0>;
v0x5618ccd506b0_0 .net "a", 0 0, L_0x5618ccd54e70;  1 drivers
v0x5618ccd50770_0 .net "b", 0 0, L_0x5618ccd54fa0;  1 drivers
v0x5618ccd50840_0 .net "c_ha1", 0 0, L_0x5618ccd54a90;  1 drivers
v0x5618ccd50940_0 .net "c_ha2", 0 0, L_0x5618ccd54d00;  1 drivers
v0x5618ccd50a10_0 .net "c_in", 0 0, L_0x5618ccd550d0;  1 drivers
v0x5618ccd50b00_0 .net "c_out", 0 0, L_0x5618ccd54de0;  1 drivers
v0x5618ccd50ba0_0 .net "s", 0 0, L_0x5618ccd54b70;  1 drivers
v0x5618ccd50c70_0 .net "s_ha1", 0 0, L_0x5618ccd54990;  1 drivers
S_0x5618ccd4fa50 .scope module, "ha01" "Half_Adder" 2 10, 2 1 0, S_0x5618ccd4f800;
 .timescale 0 0;
    .port_info 0 /OUTPUT 1 "c"
    .port_info 1 /OUTPUT 1 "s"
    .port_info 2 /INPUT 1 "a"
    .port_info 3 /INPUT 1 "b"
L_0x5618ccd54990 .functor XOR 1, L_0x5618ccd54e70, L_0x5618ccd54fa0, C4<0>, C4<0>;
L_0x5618ccd54a90 .functor AND 1, L_0x5618ccd54e70, L_0x5618ccd54fa0, C4<1>, C4<1>;
v0x5618ccd4fcc0_0 .net "a", 0 0, L_0x5618ccd54e70;  alias, 1 drivers
v0x5618ccd4fda0_0 .net "b", 0 0, L_0x5618ccd54fa0;  alias, 1 drivers
v0x5618ccd4fe60_0 .net "c", 0 0, L_0x5618ccd54a90;  alias, 1 drivers
v0x5618ccd4ff30_0 .net "s", 0 0, L_0x5618ccd54990;  alias, 1 drivers
S_0x5618ccd500a0 .scope module, "ha02" "Half_Adder" 2 11, 2 1 0, S_0x5618ccd4f800;
 .timescale 0 0;
    .port_info 0 /OUTPUT 1 "c"
    .port_info 1 /OUTPUT 1 "s"
    .port_info 2 /INPUT 1 "a"
    .port_info 3 /INPUT 1 "b"
L_0x5618ccd54b70 .functor XOR 1, L_0x5618ccd54990, L_0x5618ccd550d0, C4<0>, C4<0>;
L_0x5618ccd54d00 .functor AND 1, L_0x5618ccd54990, L_0x5618ccd550d0, C4<1>, C4<1>;
v0x5618ccd50300_0 .net "a", 0 0, L_0x5618ccd54990;  alias, 1 drivers
v0x5618ccd503d0_0 .net "b", 0 0, L_0x5618ccd550d0;  alias, 1 drivers
v0x5618ccd50470_0 .net "c", 0 0, L_0x5618ccd54d00;  alias, 1 drivers
v0x5618ccd50540_0 .net "s", 0 0, L_0x5618ccd54b70;  alias, 1 drivers
S_0x5618ccd50d60 .scope module, "adder02" "Full_Adder" 2 22, 2 6 0, S_0x5618ccd2c3e0;
 .timescale 0 0;
    .port_info 0 /OUTPUT 1 "c_out"
    .port_info 1 /OUTPUT 1 "s"
    .port_info 2 /INPUT 1 "a"
    .port_info 3 /INPUT 1 "b"
    .port_info 4 /INPUT 1 "c_in"
L_0x5618ccd554f0 .functor OR 1, L_0x5618ccd55270, L_0x5618ccd55430, C4<0>, C4<0>;
v0x5618ccd51c20_0 .net "a", 0 0, L_0x5618ccd55580;  1 drivers
v0x5618ccd51ce0_0 .net "b", 0 0, L_0x5618ccd55780;  1 drivers
v0x5618ccd51db0_0 .net "c_ha1", 0 0, L_0x5618ccd55270;  1 drivers
v0x5618ccd51eb0_0 .net "c_ha2", 0 0, L_0x5618ccd55430;  1 drivers
v0x5618ccd51f80_0 .net "c_in", 0 0, L_0x5618ccd55940;  1 drivers
v0x5618ccd52070_0 .net "c_out", 0 0, L_0x5618ccd554f0;  1 drivers
v0x5618ccd52110_0 .net "s", 0 0, L_0x5618ccd552e0;  1 drivers
v0x5618ccd521e0_0 .net "s_ha1", 0 0, L_0x5618ccd55200;  1 drivers
S_0x5618ccd50fe0 .scope module, "ha01" "Half_Adder" 2 10, 2 1 0, S_0x5618ccd50d60;
 .timescale 0 0;
    .port_info 0 /OUTPUT 1 "c"
    .port_info 1 /OUTPUT 1 "s"
    .port_info 2 /INPUT 1 "a"
    .port_info 3 /INPUT 1 "b"
L_0x5618ccd55200 .functor XOR 1, L_0x5618ccd55580, L_0x5618ccd55780, C4<0>, C4<0>;
L_0x5618ccd55270 .functor AND 1, L_0x5618ccd55580, L_0x5618ccd55780, C4<1>, C4<1>;
v0x5618ccd51250_0 .net "a", 0 0, L_0x5618ccd55580;  alias, 1 drivers
v0x5618ccd51310_0 .net "b", 0 0, L_0x5618ccd55780;  alias, 1 drivers
v0x5618ccd513d0_0 .net "c", 0 0, L_0x5618ccd55270;  alias, 1 drivers
v0x5618ccd514a0_0 .net "s", 0 0, L_0x5618ccd55200;  alias, 1 drivers
S_0x5618ccd51610 .scope module, "ha02" "Half_Adder" 2 11, 2 1 0, S_0x5618ccd50d60;
 .timescale 0 0;
    .port_info 0 /OUTPUT 1 "c"
    .port_info 1 /OUTPUT 1 "s"
    .port_info 2 /INPUT 1 "a"
    .port_info 3 /INPUT 1 "b"
L_0x5618ccd552e0 .functor XOR 1, L_0x5618ccd55200, L_0x5618ccd55940, C4<0>, C4<0>;
L_0x5618ccd55430 .functor AND 1, L_0x5618ccd55200, L_0x5618ccd55940, C4<1>, C4<1>;
v0x5618ccd51870_0 .net "a", 0 0, L_0x5618ccd55200;  alias, 1 drivers
v0x5618ccd51940_0 .net "b", 0 0, L_0x5618ccd55940;  alias, 1 drivers
v0x5618ccd519e0_0 .net "c", 0 0, L_0x5618ccd55430;  alias, 1 drivers
v0x5618ccd51ab0_0 .net "s", 0 0, L_0x5618ccd552e0;  alias, 1 drivers
S_0x5618ccd522d0 .scope module, "adder03" "Full_Adder" 2 23, 2 6 0, S_0x5618ccd2c3e0;
 .timescale 0 0;
    .port_info 0 /OUTPUT 1 "c_out"
    .port_info 1 /OUTPUT 1 "s"
    .port_info 2 /INPUT 1 "a"
    .port_info 3 /INPUT 1 "b"
    .port_info 4 /INPUT 1 "c_in"
L_0x5618ccd55e20 .functor OR 1, L_0x5618ccd55b70, L_0x5618ccd55d40, C4<0>, C4<0>;
v0x5618ccd53180_0 .net "a", 0 0, L_0x5618ccd55eb0;  1 drivers
v0x5618ccd53240_0 .net "b", 0 0, L_0x5618ccd55fe0;  1 drivers
v0x5618ccd53310_0 .net "c_ha1", 0 0, L_0x5618ccd55b70;  1 drivers
v0x5618ccd53410_0 .net "c_ha2", 0 0, L_0x5618ccd55d40;  1 drivers
v0x5618ccd534e0_0 .net "c_in", 0 0, L_0x5618ccd56170;  1 drivers
v0x5618ccd535d0_0 .net "c_out", 0 0, L_0x5618ccd55e20;  1 drivers
v0x5618ccd53670_0 .net "s", 0 0, L_0x5618ccd55c00;  1 drivers
v0x5618ccd53740_0 .net "s_ha1", 0 0, L_0x5618ccd55ac0;  1 drivers
S_0x5618ccd52520 .scope module, "ha01" "Half_Adder" 2 10, 2 1 0, S_0x5618ccd522d0;
 .timescale 0 0;
    .port_info 0 /OUTPUT 1 "c"
    .port_info 1 /OUTPUT 1 "s"
    .port_info 2 /INPUT 1 "a"
    .port_info 3 /INPUT 1 "b"
L_0x5618ccd55ac0 .functor XOR 1, L_0x5618ccd55eb0, L_0x5618ccd55fe0, C4<0>, C4<0>;
L_0x5618ccd55b70 .functor AND 1, L_0x5618ccd55eb0, L_0x5618ccd55fe0, C4<1>, C4<1>;
v0x5618ccd52790_0 .net "a", 0 0, L_0x5618ccd55eb0;  alias, 1 drivers
v0x5618ccd52870_0 .net "b", 0 0, L_0x5618ccd55fe0;  alias, 1 drivers
v0x5618ccd52930_0 .net "c", 0 0, L_0x5618ccd55b70;  alias, 1 drivers
v0x5618ccd52a00_0 .net "s", 0 0, L_0x5618ccd55ac0;  alias, 1 drivers
S_0x5618ccd52b70 .scope module, "ha02" "Half_Adder" 2 11, 2 1 0, S_0x5618ccd522d0;
 .timescale 0 0;
    .port_info 0 /OUTPUT 1 "c"
    .port_info 1 /OUTPUT 1 "s"
    .port_info 2 /INPUT 1 "a"
    .port_info 3 /INPUT 1 "b"
L_0x5618ccd55c00 .functor XOR 1, L_0x5618ccd55ac0, L_0x5618ccd56170, C4<0>, C4<0>;
L_0x5618ccd55d40 .functor AND 1, L_0x5618ccd55ac0, L_0x5618ccd56170, C4<1>, C4<1>;
v0x5618ccd52dd0_0 .net "a", 0 0, L_0x5618ccd55ac0;  alias, 1 drivers
v0x5618ccd52ea0_0 .net "b", 0 0, L_0x5618ccd56170;  alias, 1 drivers
v0x5618ccd52f40_0 .net "c", 0 0, L_0x5618ccd55d40;  alias, 1 drivers
v0x5618ccd53010_0 .net "s", 0 0, L_0x5618ccd55c00;  alias, 1 drivers
    .scope S_0x5618ccd2dba0;
T_0 ;
    %vpi_call 2 38 "$display", "   a +    b =     s" {0 0 0};
    %vpi_call 2 39 "$monitor", "%4d + %4d = %5d", v0x5618ccd54010_0, v0x5618ccd540d0_0, v0x5618ccd541a0_0 {0 0 0};
    %pushi/vec4 0, 0, 4;
    %store/vec4 v0x5618ccd54010_0, 0, 4;
    %pushi/vec4 0, 0, 4;
    %store/vec4 v0x5618ccd540d0_0, 0, 4;
    %delay 1, 0;
    %pushi/vec4 0, 0, 4;
    %store/vec4 v0x5618ccd54010_0, 0, 4;
    %pushi/vec4 1, 0, 4;
    %store/vec4 v0x5618ccd540d0_0, 0, 4;
    %delay 1, 0;
    %pushi/vec4 1, 0, 4;
    %store/vec4 v0x5618ccd54010_0, 0, 4;
    %pushi/vec4 1, 0, 4;
    %store/vec4 v0x5618ccd540d0_0, 0, 4;
    %delay 1, 0;
    %pushi/vec4 3, 0, 4;
    %store/vec4 v0x5618ccd54010_0, 0, 4;
    %pushi/vec4 1, 0, 4;
    %store/vec4 v0x5618ccd540d0_0, 0, 4;
    %delay 1, 0;
    %pushi/vec4 7, 0, 4;
    %store/vec4 v0x5618ccd54010_0, 0, 4;
    %pushi/vec4 1, 0, 4;
    %store/vec4 v0x5618ccd540d0_0, 0, 4;
    %delay 1, 0;
    %pushi/vec4 15, 0, 4;
    %store/vec4 v0x5618ccd54010_0, 0, 4;
    %pushi/vec4 1, 0, 4;
    %store/vec4 v0x5618ccd540d0_0, 0, 4;
    %end;
    .thread T_0;
# The file index is used to find the file name in the following table.
:file_names 3;
    "N/A";
    "<interactive>";
    "4-bit-add.vh";
